-------------------------------------------------------------------------------
Test set: com.alphasense.producer.ProducerApplicationTests
-------------------------------------------------------------------------------
Tests run: 1, Failures: 0, Errors: 1, Skipped: 0, Time elapsed: 8.03 s <<< FAILURE! - in com.alphasense.producer.ProducerApplicationTests
contextLoads  Time elapsed: 0.001 s  <<< ERROR!
java.lang.IllegalStateException: Failed to load ApplicationContext
Caused by: org.springframework.beans.factory.UnsatisfiedDependencyException: Error creating bean with name 'org.springframework.boot.autoconfigure.web.servlet.WebMvcAutoConfiguration$EnableWebMvcConfiguration': Unsatisfied dependency expressed through method 'setConfigurers' parameter 0; nested exception is org.springframework.beans.factory.UnsatisfiedDependencyException: Error creating bean with name 'snsWebMvcConfigurer' defined in class path resource [org/springframework/cloud/aws/messaging/config/annotation/SnsWebConfiguration.class]: Unsatisfied dependency expressed through method 'snsWebMvcConfigurer' parameter 0; nested exception is org.springframework.beans.factory.BeanCreationException: Error creating bean with name 'amazonSNS' defined in class path resource [org/springframework/cloud/aws/messaging/config/annotation/SnsConfiguration.class]: Invocation of init method failed; nested exception is java.lang.IllegalStateException: There is no EC2 meta data available, because the application is not running in the EC2 environment. Region detection is only possible if the application is running on a EC2 instance
Caused by: org.springframework.beans.factory.UnsatisfiedDependencyException: Error creating bean with name 'snsWebMvcConfigurer' defined in class path resource [org/springframework/cloud/aws/messaging/config/annotation/SnsWebConfiguration.class]: Unsatisfied dependency expressed through method 'snsWebMvcConfigurer' parameter 0; nested exception is org.springframework.beans.factory.BeanCreationException: Error creating bean with name 'amazonSNS' defined in class path resource [org/springframework/cloud/aws/messaging/config/annotation/SnsConfiguration.class]: Invocation of init method failed; nested exception is java.lang.IllegalStateException: There is no EC2 meta data available, because the application is not running in the EC2 environment. Region detection is only possible if the application is running on a EC2 instance
Caused by: org.springframework.beans.factory.BeanCreationException: Error creating bean with name 'amazonSNS' defined in class path resource [org/springframework/cloud/aws/messaging/config/annotation/SnsConfiguration.class]: Invocation of init method failed; nested exception is java.lang.IllegalStateException: There is no EC2 meta data available, because the application is not running in the EC2 environment. Region detection is only possible if the application is running on a EC2 instance
Caused by: java.lang.IllegalStateException: There is no EC2 meta data available, because the application is not running in the EC2 environment. Region detection is only possible if the application is running on a EC2 instance

